app/build/intermediates/manifest_merge_blame_file/debug/manifest-merger-blame-debug-report.txt
1<?xml version="1.0" encoding="utf-8"?>
2<manifest xmlns:android="http://schemas.android.com/apk/res/android"
3    package="com.magdamiu.androidfall2022"
4    android:versionCode="1"
5    android:versionName="1.0" >
6
7    <uses-sdk
8        android:minSdkVersion="21"
8-->src/main/AndroidManifest.xml
9        android:targetSdkVersion="32" />
9-->src/main/AndroidManifest.xml
10
11    <uses-permission android:name="android.permission.INTERNET" />
11-->src/main/AndroidManifest.xml:5:5-67
11-->src/main/AndroidManifest.xml:5:22-64
12
13    <application
13-->src/main/AndroidManifest.xml:7:5-62:19
14        android:allowBackup="true"
14-->src/main/AndroidManifest.xml:8:9-35
15        android:appComponentFactory="androidx.core.app.CoreComponentFactory"
15-->[androidx.core:core:1.8.0] AndroidManifest.xml:24:18-86
16        android:dataExtractionRules="@xml/data_extraction_rules"
16-->src/main/AndroidManifest.xml:9:9-65
17        android:debuggable="true"
18        android:fullBackupContent="@xml/backup_rules"
18-->src/main/AndroidManifest.xml:10:9-54
19        android:icon="@mipmap/ic_launcher"
19-->src/main/AndroidManifest.xml:11:9-43
20        android:label="@string/app_name"
20-->src/main/AndroidManifest.xml:12:9-41
21        android:roundIcon="@mipmap/ic_launcher_round"
21-->src/main/AndroidManifest.xml:13:9-54
22        android:supportsRtl="true"
22-->src/main/AndroidManifest.xml:14:9-35
23        android:testOnly="true"
24        android:theme="@style/Theme.AndroidFall2022" >
24-->src/main/AndroidManifest.xml:15:9-53
25        <activity
25-->src/main/AndroidManifest.xml:17:9-23:20
26            android:name="com.magdamiu.androidfall2022.activities.SecondActivity"
26-->src/main/AndroidManifest.xml:18:13-54
27            android:exported="false" >
27-->src/main/AndroidManifest.xml:19:13-37
28            <meta-data
28-->src/main/AndroidManifest.xml:20:13-22:36
29                android:name="android.app.lib_name"
29-->src/main/AndroidManifest.xml:21:17-52
30                android:value="" />
30-->src/main/AndroidManifest.xml:22:17-33
31        </activity>
32        <activity
32-->src/main/AndroidManifest.xml:24:9-34:20
33            android:name="com.magdamiu.androidfall2022.activities.FirstActivity"
33-->src/main/AndroidManifest.xml:25:13-53
34            android:exported="false"
34-->src/main/AndroidManifest.xml:26:13-37
35            android:parentActivityName="com.magdamiu.androidfall2022.MainActivity" >
35-->src/main/AndroidManifest.xml:27:13-55
36            <meta-data
36-->src/main/AndroidManifest.xml:20:13-22:36
37                android:name="android.app.lib_name"
37-->src/main/AndroidManifest.xml:21:17-52
38                android:value="" />
38-->src/main/AndroidManifest.xml:22:17-33
39            <meta-data
39-->src/main/AndroidManifest.xml:31:13-33:48
40                android:name="android.support.PARENT_ACTIVITY"
40-->src/main/AndroidManifest.xml:32:17-63
41                android:value=".MainActivity" />
41-->src/main/AndroidManifest.xml:33:17-46
42        </activity>
43        <activity
43-->src/main/AndroidManifest.xml:35:9-41:20
44            android:name="com.magdamiu.androidfall2022.MoviesActivity"
44-->src/main/AndroidManifest.xml:36:13-43
45            android:exported="false" >
45-->src/main/AndroidManifest.xml:37:13-37
46            <meta-data
46-->src/main/AndroidManifest.xml:20:13-22:36
47                android:name="android.app.lib_name"
47-->src/main/AndroidManifest.xml:21:17-52
48                android:value="" />
48-->src/main/AndroidManifest.xml:22:17-33
49        </activity>
50        <activity
50-->src/main/AndroidManifest.xml:42:9-48:20
51            android:name="com.magdamiu.androidfall2022.AboutAndroid"
51-->src/main/AndroidManifest.xml:43:13-41
52            android:exported="false" >
52-->src/main/AndroidManifest.xml:44:13-37
53            <meta-data
53-->src/main/AndroidManifest.xml:20:13-22:36
54                android:name="android.app.lib_name"
54-->src/main/AndroidManifest.xml:21:17-52
55                android:value="" />
55-->src/main/AndroidManifest.xml:22:17-33
56        </activity>
57        <activity
57-->src/main/AndroidManifest.xml:49:9-61:20
58            android:name="com.magdamiu.androidfall2022.MainActivity"
58-->src/main/AndroidManifest.xml:50:13-41
59            android:exported="true" >
59-->src/main/AndroidManifest.xml:51:13-36
60            <intent-filter>
60-->src/main/AndroidManifest.xml:52:13-56:29
61                <action android:name="android.intent.action.MAIN" />
61-->src/main/AndroidManifest.xml:53:17-69
61-->src/main/AndroidManifest.xml:53:25-66
62
63                <category android:name="android.intent.category.LAUNCHER" />
63-->src/main/AndroidManifest.xml:55:17-77
63-->src/main/AndroidManifest.xml:55:27-74
64            </intent-filter>
65
66            <meta-data
66-->src/main/AndroidManifest.xml:20:13-22:36
67                android:name="android.app.lib_name"
67-->src/main/AndroidManifest.xml:21:17-52
68                android:value="" />
68-->src/main/AndroidManifest.xml:22:17-33
69        </activity>
70
71        <provider
71-->[com.squareup.picasso:picasso:2.71828] AndroidManifest.xml:8:9-11:40
72            android:name="com.squareup.picasso.PicassoProvider"
72-->[com.squareup.picasso:picasso:2.71828] AndroidManifest.xml:9:13-64
73            android:authorities="com.magdamiu.androidfall2022.com.squareup.picasso"
73-->[com.squareup.picasso:picasso:2.71828] AndroidManifest.xml:10:13-72
74            android:exported="false" />
74-->[com.squareup.picasso:picasso:2.71828] AndroidManifest.xml:11:13-37
75        <provider
75-->[androidx.emoji2:emoji2:1.2.0] AndroidManifest.xml:24:9-32:20
76            android:name="androidx.startup.InitializationProvider"
76-->[androidx.emoji2:emoji2:1.2.0] AndroidManifest.xml:25:13-67
77            android:authorities="com.magdamiu.androidfall2022.androidx-startup"
77-->[androidx.emoji2:emoji2:1.2.0] AndroidManifest.xml:26:13-68
78            android:exported="false" >
78-->[androidx.emoji2:emoji2:1.2.0] AndroidManifest.xml:27:13-37
79            <meta-data
79-->[androidx.emoji2:emoji2:1.2.0] AndroidManifest.xml:29:13-31:52
80                android:name="androidx.emoji2.text.EmojiCompatInitializer"
80-->[androidx.emoji2:emoji2:1.2.0] AndroidManifest.xml:30:17-75
81                android:value="androidx.startup" />
81-->[androidx.emoji2:emoji2:1.2.0] AndroidManifest.xml:31:17-49
82            <meta-data
82-->[androidx.lifecycle:lifecycle-process:2.4.1] AndroidManifest.xml:31:13-33:52
83                android:name="androidx.lifecycle.ProcessLifecycleInitializer"
83-->[androidx.lifecycle:lifecycle-process:2.4.1] AndroidManifest.xml:32:17-78
84                android:value="androidx.startup" />
84-->[androidx.lifecycle:lifecycle-process:2.4.1] AndroidManifest.xml:33:17-49
85        </provider>
86    </application>
87
88</manifest>